<?xml version="1.0" encoding="UTF-8"?>
<!-- Generated by org.testng.reporters.JUnitReportReporter -->
<testsuite hostname="TYSS-Manoj" failures="0" tests="7" name="com.employeeapi.testcase.TC002_Get_Single_Employee_Record" time="0.079" errors="0" timestamp="2024-03-08T11:51:21 IST" skipped="0">
  <testcase classname="com.employeeapi.testcase.TC002_Get_Single_Employee_Record" name="checkStatusLine" time="0.007"/>
  <system-out/>
  <testcase classname="com.employeeapi.testcase.TC002_Get_Single_Employee_Record" name="checkContentLength" time="0.014"/>
  <system-out/>
  <testcase classname="com.employeeapi.testcase.TC002_Get_Single_Employee_Record" name="checkContentType" time="0.002"/>
  <system-out/>
  <testcase classname="com.employeeapi.testcase.TC002_Get_Single_Employee_Record" name="checkStatusCode" time="0.004"/>
  <system-out/>
  <testcase classname="com.employeeapi.testcase.TC002_Get_Single_Employee_Record" name="checkResposeBody" time="0.038"/>
  <system-out/>
  <testcase classname="com.employeeapi.testcase.TC002_Get_Single_Employee_Record" name="checkResponseTime" time="0.008"/>
  <system-out/>
  <testcase classname="com.employeeapi.testcase.TC002_Get_Single_Employee_Record" name="checkServerType" time="0.006"/>
  <system-out/>
</testsuite> <!-- com.employeeapi.testcase.TC002_Get_Single_Employee_Record -->
