<?xml version="1.0" encoding="UTF-8"?>
<!-- Generated by org.testng.reporters.JUnitReportReporter -->
<testsuite hostname="TYSS-Manoj" failures="0" tests="7" name="com.employeeapi.testcase.TC003_Post_Employee_Record" time="0.071" errors="0" timestamp="2024-03-08T11:58:50 IST" skipped="0">
  <testcase classname="com.employeeapi.testcase.TC003_Post_Employee_Record" name="checkServerType" time="0.003"/>
  <system-out/>
  <testcase classname="com.employeeapi.testcase.TC003_Post_Employee_Record" name="checkStatusLine" time="0.007"/>
  <system-out/>
  <testcase classname="com.employeeapi.testcase.TC003_Post_Employee_Record" name="checkResponseTime" time="0.006"/>
  <system-out/>
  <testcase classname="com.employeeapi.testcase.TC003_Post_Employee_Record" name="checkResposeBody" time="0.028"/>
  <system-out/>
  <testcase classname="com.employeeapi.testcase.TC003_Post_Employee_Record" name="checkStatusCode" time="0.003"/>
  <system-out/>
  <testcase classname="com.employeeapi.testcase.TC003_Post_Employee_Record" name="checkContentEncoding" time="0.018"/>
  <system-out/>
  <testcase classname="com.employeeapi.testcase.TC003_Post_Employee_Record" name="checkContentType" time="0.006"/>
  <system-out/>
</testsuite> <!-- com.employeeapi.testcase.TC003_Post_Employee_Record -->
